1691417894633	geckodriver	INFO	Listening on 127.0.0.1:49735
1691417894639	mozrunner::runner	INFO	Running command: MOZ_CRASHREPORTER="1" MOZ_CRASHREPORTER_NO_REPORT="1" MOZ_CRASHREPORTER_SHUTDOWN="1" MOZ_NO_REMOTE="1" "/usr ... te" "--remote-debugging-port" "37799" "--remote-allow-hosts" "localhost" "-no-remote" "-profile" "/tmp/rust_mozprofileHnnDOr"
console.warn: services.settings: Ignoring preference override of remote settings server
console.warn: services.settings: Allow by setting MOZ_REMOTE_SETTINGS_DEVTOOLS=1 in the environment
ATTENTION: default value of option mesa_glthread overridden by environment.
ATTENTION: default value of option mesa_glthread overridden by environment.
ATTENTION: default value of option mesa_glthread overridden by environment.
1691417895589	Marionette	INFO	Marionette enabled
1691417895593	Marionette	INFO	Listening on port 34441
Read port: 34441
WebDriver BiDi listening on ws://127.0.0.1:37799
1691417895703	RemoteAgent	WARN	TLS certificate errors will be ignored for this session
console.error: ({})
JavaScript error: resource://gre/modules/TelemetryUtils.sys.mjs, line 143: TypeError: date is undefined
DevTools listening on ws://127.0.0.1:37799/devtools/browser/c128ea75-15cc-46ca-8038-eeb054191037
JavaScript error: https://media.ethicalads.io/media/client/v1.4.0/ethicalads.min.js, line 1: Error: No ad placements found.
JavaScript error: resource:///actors/FormValidationChild.sys.mjs, line 178: TypeError: this._element is null
console.warn: LoginRecipes: "Falling back to a synchronous message for: https://www.python.org."
1691417899230	Marionette	INFO	Stopped listening on port 34441
1691418643276	geckodriver	INFO	Listening on 127.0.0.1:43127
1691418643781	mozrunner::runner	INFO	Running command: MOZ_CRASHREPORTER="1" MOZ_CRASHREPORTER_NO_REPORT="1" MOZ_CRASHREPORTER_SHUTDOWN="1" MOZ_NO_REMOTE="1" "/usr ... te" "--remote-debugging-port" "37657" "--remote-allow-hosts" "localhost" "-no-remote" "-profile" "/tmp/rust_mozprofileKqSjRK"
console.warn: services.settings: Ignoring preference override of remote settings server
console.warn: services.settings: Allow by setting MOZ_REMOTE_SETTINGS_DEVTOOLS=1 in the environment
ATTENTION: default value of option mesa_glthread overridden by environment.
ATTENTION: default value of option mesa_glthread overridden by environment.
ATTENTION: default value of option mesa_glthread overridden by environment.
1691418644730	Marionette	INFO	Marionette enabled
1691418644734	Marionette	INFO	Listening on port 36399
Read port: 36399
WebDriver BiDi listening on ws://127.0.0.1:37657
1691418644837	RemoteAgent	WARN	TLS certificate errors will be ignored for this session
console.error: ({})
JavaScript error: resource://gre/modules/TelemetryUtils.sys.mjs, line 143: TypeError: date is undefined
DevTools listening on ws://127.0.0.1:37657/devtools/browser/0941339e-7f83-4126-b0c5-dcbbfe6f266d
console.warn: LoginRecipes: "Falling back to a synchronous message for: https://si3.ufc.br."
console.warn: LoginRecipes: "Falling back to a synchronous message for: https://si3.ufc.br."
1691418648443	Marionette	INFO	Stopped listening on port 36399
1691418661464	geckodriver	INFO	Listening on 127.0.0.1:56467
1691418661467	mozrunner::runner	INFO	Running command: MOZ_CRASHREPORTER="1" MOZ_CRASHREPORTER_NO_REPORT="1" MOZ_CRASHREPORTER_SHUTDOWN="1" MOZ_NO_REMOTE="1" "/usr ... te" "--remote-debugging-port" "41887" "--remote-allow-hosts" "localhost" "-no-remote" "-profile" "/tmp/rust_mozprofileL81m4Q"
console.warn: services.settings: Ignoring preference override of remote settings server
console.warn: services.settings: Allow by setting MOZ_REMOTE_SETTINGS_DEVTOOLS=1 in the environment
ATTENTION: default value of option mesa_glthread overridden by environment.
ATTENTION: default value of option mesa_glthread overridden by environment.
ATTENTION: default value of option mesa_glthread overridden by environment.
1691418662149	Marionette	INFO	Marionette enabled
1691418662152	Marionette	INFO	Listening on port 36255
Read port: 36255
WebDriver BiDi listening on ws://127.0.0.1:41887
1691418662247	RemoteAgent	WARN	TLS certificate errors will be ignored for this session
console.error: ({})
JavaScript error: resource://gre/modules/TelemetryUtils.sys.mjs, line 143: TypeError: date is undefined
DevTools listening on ws://127.0.0.1:41887/devtools/browser/47a6d77f-b6e2-4d76-a5c1-f370dcbb5934
console.warn: LoginRecipes: "Falling back to a synchronous message for: https://si3.ufc.br."
console.warn: LoginRecipes: "Falling back to a synchronous message for: https://si3.ufc.br."
1691418664442	Marionette	INFO	Stopped listening on port 36255
1691418673638	geckodriver	INFO	Listening on 127.0.0.1:53967
1691418674143	mozrunner::runner	INFO	Running command: MOZ_CRASHREPORTER="1" MOZ_CRASHREPORTER_NO_REPORT="1" MOZ_CRASHREPORTER_SHUTDOWN="1" MOZ_NO_REMOTE="1" "/usr ... te" "--remote-debugging-port" "55469" "--remote-allow-hosts" "localhost" "-no-remote" "-profile" "/tmp/rust_mozprofileoUyHkm"
console.warn: services.settings: Ignoring preference override of remote settings server
console.warn: services.settings: Allow by setting MOZ_REMOTE_SETTINGS_DEVTOOLS=1 in the environment
ATTENTION: default value of option mesa_glthread overridden by environment.
ATTENTION: default value of option mesa_glthread overridden by environment.
ATTENTION: default value of option mesa_glthread overridden by environment.
1691418674883	Marionette	INFO	Marionette enabled
1691418674887	Marionette	INFO	Listening on port 35359
Read port: 35359
WebDriver BiDi listening on ws://127.0.0.1:55469
1691418674984	RemoteAgent	WARN	TLS certificate errors will be ignored for this session
console.error: ({})
JavaScript error: resource://gre/modules/TelemetryUtils.sys.mjs, line 143: TypeError: date is undefined
DevTools listening on ws://127.0.0.1:55469/devtools/browser/6164a59a-d60c-462d-87aa-7c10b59d66ca
console.warn: LoginRecipes: "Falling back to a synchronous message for: https://si3.ufc.br."
console.warn: LoginRecipes: "Falling back to a synchronous message for: https://si3.ufc.br."
1691418677884	Marionette	INFO	Stopped listening on port 35359
1691419203960	geckodriver	INFO	Listening on 127.0.0.1:50265
1691419203963	mozrunner::runner	INFO	Running command: MOZ_CRASHREPORTER="1" MOZ_CRASHREPORTER_NO_REPORT="1" MOZ_CRASHREPORTER_SHUTDOWN="1" MOZ_NO_REMOTE="1" "/usr ... te" "--remote-debugging-port" "43757" "--remote-allow-hosts" "localhost" "-no-remote" "-profile" "/tmp/rust_mozprofile01kX0B"
console.warn: services.settings: Ignoring preference override of remote settings server
console.warn: services.settings: Allow by setting MOZ_REMOTE_SETTINGS_DEVTOOLS=1 in the environment
ATTENTION: default value of option mesa_glthread overridden by environment.
ATTENTION: default value of option mesa_glthread overridden by environment.
ATTENTION: default value of option mesa_glthread overridden by environment.
1691419205107	Marionette	INFO	Marionette enabled
1691419205112	Marionette	INFO	Listening on port 44889
Read port: 44889
WebDriver BiDi listening on ws://127.0.0.1:43757
1691419205220	RemoteAgent	WARN	TLS certificate errors will be ignored for this session
console.error: ({})
JavaScript error: resource://gre/modules/TelemetryUtils.sys.mjs, line 143: TypeError: date is undefined
DevTools listening on ws://127.0.0.1:43757/devtools/browser/7f753f9a-32c2-4bed-9c2f-be999d2277db
console.warn: LoginRecipes: "Falling back to a synchronous message for: https://si3.ufc.br."
console.warn: LoginRecipes: "Falling back to a synchronous message for: https://si3.ufc.br."
1691419225527	Marionette	INFO	Stopped listening on port 44889
1691419299418	geckodriver	INFO	Listening on 127.0.0.1:60989
1691419299423	mozrunner::runner	INFO	Running command: MOZ_CRASHREPORTER="1" MOZ_CRASHREPORTER_NO_REPORT="1" MOZ_CRASHREPORTER_SHUTDOWN="1" MOZ_NO_REMOTE="1" "/usr ... te" "--remote-debugging-port" "60041" "--remote-allow-hosts" "localhost" "-no-remote" "-profile" "/tmp/rust_mozprofilevkdx4M"
console.warn: services.settings: Ignoring preference override of remote settings server
console.warn: services.settings: Allow by setting MOZ_REMOTE_SETTINGS_DEVTOOLS=1 in the environment
ATTENTION: default value of option mesa_glthread overridden by environment.
ATTENTION: default value of option mesa_glthread overridden by environment.
ATTENTION: default value of option mesa_glthread overridden by environment.
1691419300106	Marionette	INFO	Marionette enabled
1691419300109	Marionette	INFO	Listening on port 34361
Read port: 34361
WebDriver BiDi listening on ws://127.0.0.1:60041
1691419300208	RemoteAgent	WARN	TLS certificate errors will be ignored for this session
console.error: ({})
JavaScript error: resource://gre/modules/TelemetryUtils.sys.mjs, line 143: TypeError: date is undefined
DevTools listening on ws://127.0.0.1:60041/devtools/browser/14f249e2-3fe7-4be8-bc45-3819d3343b3a
console.warn: LoginRecipes: "Falling back to a synchronous message for: https://si3.ufc.br."
console.warn: LoginRecipes: "Falling back to a synchronous message for: https://si3.ufc.br."
1691419324835	geckodriver	INFO	Listening on 127.0.0.1:48779
1691419324839	mozrunner::runner	INFO	Running command: MOZ_CRASHREPORTER="1" MOZ_CRASHREPORTER_NO_REPORT="1" MOZ_CRASHREPORTER_SHUTDOWN="1" MOZ_NO_REMOTE="1" "/usr ... te" "--remote-debugging-port" "34051" "--remote-allow-hosts" "localhost" "-no-remote" "-profile" "/tmp/rust_mozprofile1ckDZM"
console.warn: services.settings: Ignoring preference override of remote settings server
console.warn: services.settings: Allow by setting MOZ_REMOTE_SETTINGS_DEVTOOLS=1 in the environment
ATTENTION: default value of option mesa_glthread overridden by environment.
ATTENTION: default value of option mesa_glthread overridden by environment.
ATTENTION: default value of option mesa_glthread overridden by environment.
1691419325560	Marionette	INFO	Marionette enabled
1691419325563	Marionette	INFO	Listening on port 43825
WebDriver BiDi listening on ws://127.0.0.1:34051
Read port: 43825
1691419325762	RemoteAgent	WARN	TLS certificate errors will be ignored for this session
console.error: ({})
JavaScript error: resource://gre/modules/TelemetryUtils.sys.mjs, line 143: TypeError: date is undefined
DevTools listening on ws://127.0.0.1:34051/devtools/browser/012e2db4-034f-4039-9628-c86d25403cba
console.warn: LoginRecipes: "Falling back to a synchronous message for: https://si3.ufc.br."
console.warn: LoginRecipes: "Falling back to a synchronous message for: https://si3.ufc.br."
console.error: "update.locale" " file doesn't exist in either the application or GRE directories"
console.error: "update.locale" " file doesn't exist in either the application or GRE directories"
1691419536621	geckodriver	INFO	Listening on 127.0.0.1:56433
1691419536625	mozrunner::runner	INFO	Running command: MOZ_CRASHREPORTER="1" MOZ_CRASHREPORTER_NO_REPORT="1" MOZ_CRASHREPORTER_SHUTDOWN="1" MOZ_NO_REMOTE="1" "/usr ... te" "--remote-debugging-port" "48071" "--remote-allow-hosts" "localhost" "-no-remote" "-profile" "/tmp/rust_mozprofilevXJtl2"
console.warn: services.settings: Ignoring preference override of remote settings server
console.warn: services.settings: Allow by setting MOZ_REMOTE_SETTINGS_DEVTOOLS=1 in the environment
ATTENTION: default value of option mesa_glthread overridden by environment.
ATTENTION: default value of option mesa_glthread overridden by environment.
ATTENTION: default value of option mesa_glthread overridden by environment.
1691419537301	Marionette	INFO	Marionette enabled
1691419537304	Marionette	INFO	Listening on port 36103
Read port: 36103
WebDriver BiDi listening on ws://127.0.0.1:48071
1691419537401	RemoteAgent	WARN	TLS certificate errors will be ignored for this session
console.error: ({})
JavaScript error: resource://gre/modules/TelemetryUtils.sys.mjs, line 143: TypeError: date is undefined
DevTools listening on ws://127.0.0.1:48071/devtools/browser/cb96f8d3-17e6-480a-bcce-b699a36f5055
console.warn: LoginRecipes: "Falling back to a synchronous message for: https://si3.ufc.br."
console.warn: LoginRecipes: "Falling back to a synchronous message for: https://si3.ufc.br."
console.error: "update.locale" " file doesn't exist in either the application or GRE directories"
1691419651825	geckodriver	INFO	Listening on 127.0.0.1:49469
1691419651831	mozrunner::runner	INFO	Running command: MOZ_CRASHREPORTER="1" MOZ_CRASHREPORTER_NO_REPORT="1" MOZ_CRASHREPORTER_SHUTDOWN="1" MOZ_NO_REMOTE="1" "/usr ... te" "--remote-debugging-port" "49431" "--remote-allow-hosts" "localhost" "-no-remote" "-profile" "/tmp/rust_mozprofiletPSddW"
console.warn: services.settings: Ignoring preference override of remote settings server
console.warn: services.settings: Allow by setting MOZ_REMOTE_SETTINGS_DEVTOOLS=1 in the environment
ATTENTION: default value of option mesa_glthread overridden by environment.
ATTENTION: default value of option mesa_glthread overridden by environment.
ATTENTION: default value of option mesa_glthread overridden by environment.
1691419652506	Marionette	INFO	Marionette enabled
1691419652509	Marionette	INFO	Listening on port 45231
Read port: 45231
WebDriver BiDi listening on ws://127.0.0.1:49431
1691419652602	RemoteAgent	WARN	TLS certificate errors will be ignored for this session
console.error: ({})
JavaScript error: resource://gre/modules/TelemetryUtils.sys.mjs, line 143: TypeError: date is undefined
DevTools listening on ws://127.0.0.1:49431/devtools/browser/51ea27d3-6324-48da-aef2-1b0c428a0d7e
console.warn: LoginRecipes: "Falling back to a synchronous message for: https://si3.ufc.br."
console.warn: LoginRecipes: "Falling back to a synchronous message for: https://si3.ufc.br."
1691419660302	Marionette	INFO	Stopped listening on port 45231
Sandbox: Unexpected EOF, op 0 flags 00 path /proc/cpuinfo
1691419711182	geckodriver	INFO	Listening on 127.0.0.1:59053
1691419711189	mozrunner::runner	INFO	Running command: MOZ_CRASHREPORTER="1" MOZ_CRASHREPORTER_NO_REPORT="1" MOZ_CRASHREPORTER_SHUTDOWN="1" MOZ_NO_REMOTE="1" "/usr ... te" "--remote-debugging-port" "55107" "--remote-allow-hosts" "localhost" "-no-remote" "-profile" "/tmp/rust_mozprofileYTop6w"
console.warn: services.settings: Ignoring preference override of remote settings server
console.warn: services.settings: Allow by setting MOZ_REMOTE_SETTINGS_DEVTOOLS=1 in the environment
ATTENTION: default value of option mesa_glthread overridden by environment.
ATTENTION: default value of option mesa_glthread overridden by environment.
ATTENTION: default value of option mesa_glthread overridden by environment.
1691419711898	Marionette	INFO	Marionette enabled
1691419711901	Marionette	INFO	Listening on port 43175
WebDriver BiDi listening on ws://127.0.0.1:55107
Read port: 43175
1691419712138	RemoteAgent	WARN	TLS certificate errors will be ignored for this session
console.error: ({})
JavaScript error: resource://gre/modules/TelemetryUtils.sys.mjs, line 143: TypeError: date is undefined
DevTools listening on ws://127.0.0.1:55107/devtools/browser/4c9d6b40-093d-4f4b-8061-68d335380f02
console.warn: LoginRecipes: "Falling back to a synchronous message for: https://si3.ufc.br."
console.warn: LoginRecipes: "Falling back to a synchronous message for: https://si3.ufc.br."
console.error: "update.locale" " file doesn't exist in either the application or GRE directories"
1691419823086	Marionette	INFO	Stopped listening on port 34361
1691419824901	Marionette	INFO	Stopped listening on port 43825
1691419827703	Marionette	INFO	Stopped listening on port 36103
1691419829390	Marionette	INFO	Stopped listening on port 43175
Sandbox: Unexpected EOF, op 0 flags 00 path /proc/cpuinfo
1691420299651	geckodriver	INFO	Listening on 127.0.0.1:43693
1691420299655	mozrunner::runner	INFO	Running command: MOZ_CRASHREPORTER="1" MOZ_CRASHREPORTER_NO_REPORT="1" MOZ_CRASHREPORTER_SHUTDOWN="1" MOZ_NO_REMOTE="1" "/usr ... te" "--remote-debugging-port" "57729" "--remote-allow-hosts" "localhost" "-no-remote" "-profile" "/tmp/rust_mozprofilejrO8CX"
console.warn: services.settings: Ignoring preference override of remote settings server
console.warn: services.settings: Allow by setting MOZ_REMOTE_SETTINGS_DEVTOOLS=1 in the environment
ATTENTION: default value of option mesa_glthread overridden by environment.
ATTENTION: default value of option mesa_glthread overridden by environment.
ATTENTION: default value of option mesa_glthread overridden by environment.
1691420300323	Marionette	INFO	Marionette enabled
1691420300325	Marionette	INFO	Listening on port 43881
Read port: 43881
WebDriver BiDi listening on ws://127.0.0.1:57729
1691420300418	RemoteAgent	WARN	TLS certificate errors will be ignored for this session
console.error: ({})
JavaScript error: resource://gre/modules/TelemetryUtils.sys.mjs, line 143: TypeError: date is undefined
DevTools listening on ws://127.0.0.1:57729/devtools/browser/3c22756b-d297-45f8-b589-6b5def4c206c
console.warn: LoginRecipes: "Falling back to a synchronous message for: https://si3.ufc.br."
console.warn: LoginRecipes: "Falling back to a synchronous message for: https://si3.ufc.br."
console.error: "update.locale" " file doesn't exist in either the application or GRE directories"
1691422944787	geckodriver	INFO	Listening on 127.0.0.1:45721
1691422944795	mozrunner::runner	INFO	Running command: MOZ_CRASHREPORTER="1" MOZ_CRASHREPORTER_NO_REPORT="1" MOZ_CRASHREPORTER_SHUTDOWN="1" MOZ_NO_REMOTE="1" "/usr ... te" "--remote-debugging-port" "36079" "--remote-allow-hosts" "localhost" "-no-remote" "-profile" "/tmp/rust_mozprofileBtVF6a"
console.warn: services.settings: Ignoring preference override of remote settings server
console.warn: services.settings: Allow by setting MOZ_REMOTE_SETTINGS_DEVTOOLS=1 in the environment
ATTENTION: default value of option mesa_glthread overridden by environment.
ATTENTION: default value of option mesa_glthread overridden by environment.
ATTENTION: default value of option mesa_glthread overridden by environment.
1691422945469	Marionette	INFO	Marionette enabled
1691422945473	Marionette	INFO	Listening on port 42423
Read port: 42423
WebDriver BiDi listening on ws://127.0.0.1:36079
1691422945566	RemoteAgent	WARN	TLS certificate errors will be ignored for this session
console.error: ({})
JavaScript error: resource://gre/modules/TelemetryUtils.sys.mjs, line 143: TypeError: date is undefined
DevTools listening on ws://127.0.0.1:36079/devtools/browser/de587abd-94a7-41c1-bb84-5dcf1595491b
console.warn: LoginRecipes: "Falling back to a synchronous message for: https://si3.ufc.br."
console.warn: LoginRecipes: "Falling back to a synchronous message for: https://si3.ufc.br."
1691422955778	Marionette	INFO	Stopped listening on port 42423
Sandbox: Unexpected EOF, op 0 flags 00 path /proc/cpuinfo
1691425288429	Marionette	INFO	Stopped listening on port 43881
Sandbox: Unexpected EOF, op 0 flags 00 path /proc/cpuinfo
1691425313120	geckodriver	INFO	Listening on 127.0.0.1:59511
1691425313123	mozrunner::runner	INFO	Running command: MOZ_CRASHREPORTER="1" MOZ_CRASHREPORTER_NO_REPORT="1" MOZ_CRASHREPORTER_SHUTDOWN="1" MOZ_NO_REMOTE="1" "/usr ... te" "--remote-debugging-port" "52327" "--remote-allow-hosts" "localhost" "-no-remote" "-profile" "/tmp/rust_mozprofile4IY7gF"
console.warn: services.settings: Ignoring preference override of remote settings server
console.warn: services.settings: Allow by setting MOZ_REMOTE_SETTINGS_DEVTOOLS=1 in the environment
ATTENTION: default value of option mesa_glthread overridden by environment.
ATTENTION: default value of option mesa_glthread overridden by environment.
ATTENTION: default value of option mesa_glthread overridden by environment.
1691425313757	Marionette	INFO	Marionette enabled
1691425313759	Marionette	INFO	Listening on port 40677
Read port: 40677
WebDriver BiDi listening on ws://127.0.0.1:52327
1691425313860	RemoteAgent	WARN	TLS certificate errors will be ignored for this session
console.error: ({})
JavaScript error: resource://gre/modules/TelemetryUtils.sys.mjs, line 143: TypeError: date is undefined
DevTools listening on ws://127.0.0.1:52327/devtools/browser/bece8ca2-8113-44a2-90d2-c6193d231f3e
console.warn: LoginRecipes: "Falling back to a synchronous message for: https://si3.ufc.br."
console.warn: LoginRecipes: "Falling back to a synchronous message for: https://si3.ufc.br."
console.error: "update.locale" " file doesn't exist in either the application or GRE directories"
1691425501337	geckodriver	INFO	Listening on 127.0.0.1:35027
1691425501345	mozrunner::runner	INFO	Running command: MOZ_CRASHREPORTER="1" MOZ_CRASHREPORTER_NO_REPORT="1" MOZ_CRASHREPORTER_SHUTDOWN="1" MOZ_NO_REMOTE="1" "/usr ... te" "--remote-debugging-port" "58621" "--remote-allow-hosts" "localhost" "-no-remote" "-profile" "/tmp/rust_mozprofilepxm8zz"
console.warn: services.settings: Ignoring preference override of remote settings server
console.warn: services.settings: Allow by setting MOZ_REMOTE_SETTINGS_DEVTOOLS=1 in the environment
ATTENTION: default value of option mesa_glthread overridden by environment.
ATTENTION: default value of option mesa_glthread overridden by environment.
ATTENTION: default value of option mesa_glthread overridden by environment.
1691425501983	Marionette	INFO	Marionette enabled
1691425501985	Marionette	INFO	Listening on port 37739
Read port: 37739
WebDriver BiDi listening on ws://127.0.0.1:58621
1691425502086	RemoteAgent	WARN	TLS certificate errors will be ignored for this session
console.error: ({})
JavaScript error: resource://gre/modules/TelemetryUtils.sys.mjs, line 143: TypeError: date is undefined
DevTools listening on ws://127.0.0.1:58621/devtools/browser/96524ff3-1b21-41e2-8baf-758681750358
console.warn: LoginRecipes: "Falling back to a synchronous message for: https://si3.ufc.br."
console.warn: LoginRecipes: "Falling back to a synchronous message for: https://si3.ufc.br."
console.error: "update.locale" " file doesn't exist in either the application or GRE directories"
1691425728431	geckodriver	INFO	Listening on 127.0.0.1:49477
1691425728439	mozrunner::runner	INFO	Running command: MOZ_CRASHREPORTER="1" MOZ_CRASHREPORTER_NO_REPORT="1" MOZ_CRASHREPORTER_SHUTDOWN="1" MOZ_NO_REMOTE="1" "/usr ... te" "--remote-debugging-port" "58095" "--remote-allow-hosts" "localhost" "-no-remote" "-profile" "/tmp/rust_mozprofileb85RtD"
console.warn: services.settings: Ignoring preference override of remote settings server
console.warn: services.settings: Allow by setting MOZ_REMOTE_SETTINGS_DEVTOOLS=1 in the environment
ATTENTION: default value of option mesa_glthread overridden by environment.
ATTENTION: default value of option mesa_glthread overridden by environment.
ATTENTION: default value of option mesa_glthread overridden by environment.
1691425729090	Marionette	INFO	Marionette enabled
1691425729093	Marionette	INFO	Listening on port 33835
Read port: 33835
WebDriver BiDi listening on ws://127.0.0.1:58095
1691425729178	RemoteAgent	WARN	TLS certificate errors will be ignored for this session
console.error: ({})
JavaScript error: resource://gre/modules/TelemetryUtils.sys.mjs, line 143: TypeError: date is undefined
DevTools listening on ws://127.0.0.1:58095/devtools/browser/458de38c-5f00-4764-acd4-3c278a7286c8
1691425756108	Marionette	INFO	Stopped listening on port 33835
1691425759342	geckodriver	INFO	Listening on 127.0.0.1:36417
1691425759346	mozrunner::runner	INFO	Running command: MOZ_CRASHREPORTER="1" MOZ_CRASHREPORTER_NO_REPORT="1" MOZ_CRASHREPORTER_SHUTDOWN="1" MOZ_NO_REMOTE="1" "/usr ... te" "--remote-debugging-port" "57681" "--remote-allow-hosts" "localhost" "-no-remote" "-profile" "/tmp/rust_mozprofile4hqF9Y"
console.warn: services.settings: Ignoring preference override of remote settings server
console.warn: services.settings: Allow by setting MOZ_REMOTE_SETTINGS_DEVTOOLS=1 in the environment
ATTENTION: default value of option mesa_glthread overridden by environment.
ATTENTION: default value of option mesa_glthread overridden by environment.
ATTENTION: default value of option mesa_glthread overridden by environment.
1691425760005	Marionette	INFO	Marionette enabled
1691425760008	Marionette	INFO	Listening on port 36083
Read port: 36083
WebDriver BiDi listening on ws://127.0.0.1:57681
1691425760097	RemoteAgent	WARN	TLS certificate errors will be ignored for this session
console.error: ({})
JavaScript error: resource://gre/modules/TelemetryUtils.sys.mjs, line 143: TypeError: date is undefined
DevTools listening on ws://127.0.0.1:57681/devtools/browser/90bc6f29-cb7e-4d13-8f69-0943b83bb8f8
console.warn: LoginRecipes: "Falling back to a synchronous message for: https://si3.ufc.br."
console.warn: LoginRecipes: "Falling back to a synchronous message for: https://si3.ufc.br."
console.error: "update.locale" " file doesn't exist in either the application or GRE directories"
1691425841794	geckodriver	INFO	Listening on 127.0.0.1:38887
1691425841801	mozrunner::runner	INFO	Running command: MOZ_CRASHREPORTER="1" MOZ_CRASHREPORTER_NO_REPORT="1" MOZ_CRASHREPORTER_SHUTDOWN="1" MOZ_NO_REMOTE="1" "/usr ... te" "--remote-debugging-port" "42521" "--remote-allow-hosts" "localhost" "-no-remote" "-profile" "/tmp/rust_mozprofilernOF5k"
console.warn: services.settings: Ignoring preference override of remote settings server
console.warn: services.settings: Allow by setting MOZ_REMOTE_SETTINGS_DEVTOOLS=1 in the environment
ATTENTION: default value of option mesa_glthread overridden by environment.
ATTENTION: default value of option mesa_glthread overridden by environment.
ATTENTION: default value of option mesa_glthread overridden by environment.
1691425842445	Marionette	INFO	Marionette enabled
1691425842448	Marionette	INFO	Listening on port 39557
Read port: 39557
WebDriver BiDi listening on ws://127.0.0.1:42521
1691425842534	RemoteAgent	WARN	TLS certificate errors will be ignored for this session
console.error: ({})
JavaScript error: resource://gre/modules/TelemetryUtils.sys.mjs, line 143: TypeError: date is undefined
DevTools listening on ws://127.0.0.1:42521/devtools/browser/599029dd-68f5-45dd-bdd2-7847f2b95d59
console.warn: LoginRecipes: "Falling back to a synchronous message for: https://si3.ufc.br."
console.warn: LoginRecipes: "Falling back to a synchronous message for: https://si3.ufc.br."
console.error: "update.locale" " file doesn't exist in either the application or GRE directories"
1691425915965	geckodriver	INFO	Listening on 127.0.0.1:54047
1691425915973	mozrunner::runner	INFO	Running command: MOZ_CRASHREPORTER="1" MOZ_CRASHREPORTER_NO_REPORT="1" MOZ_CRASHREPORTER_SHUTDOWN="1" MOZ_NO_REMOTE="1" "/usr ... te" "--remote-debugging-port" "39067" "--remote-allow-hosts" "localhost" "-no-remote" "-profile" "/tmp/rust_mozprofileLpctG1"
console.warn: services.settings: Ignoring preference override of remote settings server
console.warn: services.settings: Allow by setting MOZ_REMOTE_SETTINGS_DEVTOOLS=1 in the environment
ATTENTION: default value of option mesa_glthread overridden by environment.
ATTENTION: default value of option mesa_glthread overridden by environment.
ATTENTION: default value of option mesa_glthread overridden by environment.
1691425916652	Marionette	INFO	Marionette enabled
1691425916655	Marionette	INFO	Listening on port 41519
Read port: 41519
WebDriver BiDi listening on ws://127.0.0.1:39067
1691425916746	RemoteAgent	WARN	TLS certificate errors will be ignored for this session
console.error: ({})
JavaScript error: resource://gre/modules/TelemetryUtils.sys.mjs, line 143: TypeError: date is undefined
DevTools listening on ws://127.0.0.1:39067/devtools/browser/e7b38684-6d9b-49f9-9793-cb8bb20a739c
console.warn: LoginRecipes: "Falling back to a synchronous message for: https://si3.ufc.br."
console.warn: LoginRecipes: "Falling back to a synchronous message for: https://si3.ufc.br."
console.error: "update.locale" " file doesn't exist in either the application or GRE directories"
1691425951662	geckodriver	INFO	Listening on 127.0.0.1:46711
1691425951667	mozrunner::runner	INFO	Running command: MOZ_CRASHREPORTER="1" MOZ_CRASHREPORTER_NO_REPORT="1" MOZ_CRASHREPORTER_SHUTDOWN="1" MOZ_NO_REMOTE="1" "/usr ... te" "--remote-debugging-port" "50199" "--remote-allow-hosts" "localhost" "-no-remote" "-profile" "/tmp/rust_mozprofileD7zn1B"
console.warn: services.settings: Ignoring preference override of remote settings server
console.warn: services.settings: Allow by setting MOZ_REMOTE_SETTINGS_DEVTOOLS=1 in the environment
ATTENTION: default value of option mesa_glthread overridden by environment.
ATTENTION: default value of option mesa_glthread overridden by environment.
ATTENTION: default value of option mesa_glthread overridden by environment.
1691425952322	Marionette	INFO	Marionette enabled
1691425952326	Marionette	INFO	Listening on port 44497
Read port: 44497
WebDriver BiDi listening on ws://127.0.0.1:50199
1691425952416	RemoteAgent	WARN	TLS certificate errors will be ignored for this session
console.error: ({})
JavaScript error: resource://gre/modules/TelemetryUtils.sys.mjs, line 143: TypeError: date is undefined
DevTools listening on ws://127.0.0.1:50199/devtools/browser/17cd35af-f3da-4b6a-80f8-cee20ee188d1
console.warn: LoginRecipes: "Falling back to a synchronous message for: https://si3.ufc.br."
console.warn: LoginRecipes: "Falling back to a synchronous message for: https://si3.ufc.br."
1691425963175	Marionette	INFO	Stopped listening on port 44497
Sandbox: Unexpected EOF, op 0 flags 00 path /proc/cpuinfo
1691425973276	geckodriver	INFO	Listening on 127.0.0.1:54227
1691425973280	mozrunner::runner	INFO	Running command: MOZ_CRASHREPORTER="1" MOZ_CRASHREPORTER_NO_REPORT="1" MOZ_CRASHREPORTER_SHUTDOWN="1" MOZ_NO_REMOTE="1" "/usr ... te" "--remote-debugging-port" "45507" "--remote-allow-hosts" "localhost" "-no-remote" "-profile" "/tmp/rust_mozprofileHlDgah"
console.warn: services.settings: Ignoring preference override of remote settings server
console.warn: services.settings: Allow by setting MOZ_REMOTE_SETTINGS_DEVTOOLS=1 in the environment
ATTENTION: default value of option mesa_glthread overridden by environment.
ATTENTION: default value of option mesa_glthread overridden by environment.
ATTENTION: default value of option mesa_glthread overridden by environment.
1691425974134	Marionette	INFO	Marionette enabled
1691425974136	Marionette	INFO	Listening on port 39077
Read port: 39077
WebDriver BiDi listening on ws://127.0.0.1:45507
1691425974224	RemoteAgent	WARN	TLS certificate errors will be ignored for this session
console.error: ({})
JavaScript error: resource://gre/modules/TelemetryUtils.sys.mjs, line 143: TypeError: date is undefined
DevTools listening on ws://127.0.0.1:45507/devtools/browser/85264811-2f92-40f2-a47b-ca6b6ac0b44b
console.warn: LoginRecipes: "Falling back to a synchronous message for: https://si3.ufc.br."
console.warn: LoginRecipes: "Falling back to a synchronous message for: https://si3.ufc.br."
1691425984895	Marionette	INFO	Stopped listening on port 39077
Sandbox: Unexpected EOF, op 0 flags 00 path /proc/cpuinfo
1691426072628	Marionette	INFO	Stopped listening on port 41519
Sandbox: Unexpected EOF, op 0 flags 00 path /proc/cpuinfo
1691426075173	Marionette	INFO	Stopped listening on port 39557
1691426076877	Marionette	INFO	Stopped listening on port 36083
Sandbox: Unexpected EOF, op 0 flags 00 path /proc/cpuinfo
1691426078932	Marionette	INFO	Stopped listening on port 37739
1691426080846	Marionette	INFO	Stopped listening on port 40677
1691426191999	geckodriver	INFO	Listening on 127.0.0.1:43485
1691426192008	mozrunner::runner	INFO	Running command: MOZ_CRASHREPORTER="1" MOZ_CRASHREPORTER_NO_REPORT="1" MOZ_CRASHREPORTER_SHUTDOWN="1" MOZ_NO_REMOTE="1" "/usr ... te" "--remote-debugging-port" "48083" "--remote-allow-hosts" "localhost" "-no-remote" "-profile" "/tmp/rust_mozprofileZRrPq1"
console.warn: services.settings: Ignoring preference override of remote settings server
console.warn: services.settings: Allow by setting MOZ_REMOTE_SETTINGS_DEVTOOLS=1 in the environment
ATTENTION: default value of option mesa_glthread overridden by environment.
ATTENTION: default value of option mesa_glthread overridden by environment.
ATTENTION: default value of option mesa_glthread overridden by environment.
1691426192641	Marionette	INFO	Marionette enabled
1691426192644	Marionette	INFO	Listening on port 35343
WebDriver BiDi listening on ws://127.0.0.1:48083
Read port: 35343
1691426192813	RemoteAgent	WARN	TLS certificate errors will be ignored for this session
console.error: ({})
JavaScript error: resource://gre/modules/TelemetryUtils.sys.mjs, line 143: TypeError: date is undefined
DevTools listening on ws://127.0.0.1:48083/devtools/browser/d839b096-f703-4df9-9ad5-3e27d5f3931d
console.warn: LoginRecipes: "Falling back to a synchronous message for: https://si3.ufc.br."
console.warn: LoginRecipes: "Falling back to a synchronous message for: https://si3.ufc.br."
1691426216791	Marionette	INFO	Stopped listening on port 35343
1691427113886	geckodriver	INFO	Listening on 127.0.0.1:39995
1691427113893	mozrunner::runner	INFO	Running command: MOZ_CRASHREPORTER="1" MOZ_CRASHREPORTER_NO_REPORT="1" MOZ_CRASHREPORTER_SHUTDOWN="1" MOZ_NO_REMOTE="1" "/usr ... te" "--remote-debugging-port" "55151" "--remote-allow-hosts" "localhost" "-no-remote" "-profile" "/tmp/rust_mozprofileNueBke"
console.warn: services.settings: Ignoring preference override of remote settings server
console.warn: services.settings: Allow by setting MOZ_REMOTE_SETTINGS_DEVTOOLS=1 in the environment
ATTENTION: default value of option mesa_glthread overridden by environment.
ATTENTION: default value of option mesa_glthread overridden by environment.
ATTENTION: default value of option mesa_glthread overridden by environment.
1691427114589	Marionette	INFO	Marionette enabled
1691427114592	Marionette	INFO	Listening on port 44413
Read port: 44413
WebDriver BiDi listening on ws://127.0.0.1:55151
1691427114706	RemoteAgent	WARN	TLS certificate errors will be ignored for this session
console.error: ({})
JavaScript error: resource://gre/modules/TelemetryUtils.sys.mjs, line 143: TypeError: date is undefined
DevTools listening on ws://127.0.0.1:55151/devtools/browser/1ee5d950-68a7-46a7-ac46-80d547c63cf1
console.warn: LoginRecipes: "Falling back to a synchronous message for: https://si3.ufc.br."
console.warn: LoginRecipes: "Falling back to a synchronous message for: https://si3.ufc.br."
1691427130172	geckodriver	INFO	Listening on 127.0.0.1:54515
1691427130177	mozrunner::runner	INFO	Running command: MOZ_CRASHREPORTER="1" MOZ_CRASHREPORTER_NO_REPORT="1" MOZ_CRASHREPORTER_SHUTDOWN="1" MOZ_NO_REMOTE="1" "/usr ... te" "--remote-debugging-port" "45093" "--remote-allow-hosts" "localhost" "-no-remote" "-profile" "/tmp/rust_mozprofilegx3ort"
console.warn: services.settings: Ignoring preference override of remote settings server
console.warn: services.settings: Allow by setting MOZ_REMOTE_SETTINGS_DEVTOOLS=1 in the environment
ATTENTION: default value of option mesa_glthread overridden by environment.
ATTENTION: default value of option mesa_glthread overridden by environment.
ATTENTION: default value of option mesa_glthread overridden by environment.
1691427130850	Marionette	INFO	Marionette enabled
1691427130853	Marionette	INFO	Listening on port 35509
Read port: 35509
WebDriver BiDi listening on ws://127.0.0.1:45093
1691427130950	RemoteAgent	WARN	TLS certificate errors will be ignored for this session
console.error: ({})
JavaScript error: resource://gre/modules/TelemetryUtils.sys.mjs, line 143: TypeError: date is undefined
DevTools listening on ws://127.0.0.1:45093/devtools/browser/009d1f3a-a27f-4ef6-8efe-e1f21d059ff0
console.warn: LoginRecipes: "Falling back to a synchronous message for: https://si3.ufc.br."
console.warn: LoginRecipes: "Falling back to a synchronous message for: https://si3.ufc.br."
1691427138569	Marionette	INFO	Stopped listening on port 35509
console.error: "update.locale" " file doesn't exist in either the application or GRE directories"
1691427251974	geckodriver	INFO	Listening on 127.0.0.1:40883
1691427251979	mozrunner::runner	INFO	Running command: MOZ_CRASHREPORTER="1" MOZ_CRASHREPORTER_NO_REPORT="1" MOZ_CRASHREPORTER_SHUTDOWN="1" MOZ_NO_REMOTE="1" "/usr ... te" "--remote-debugging-port" "43915" "--remote-allow-hosts" "localhost" "-no-remote" "-profile" "/tmp/rust_mozprofileT7Bl7Z"
console.warn: services.settings: Ignoring preference override of remote settings server
console.warn: services.settings: Allow by setting MOZ_REMOTE_SETTINGS_DEVTOOLS=1 in the environment
ATTENTION: default value of option mesa_glthread overridden by environment.
ATTENTION: default value of option mesa_glthread overridden by environment.
ATTENTION: default value of option mesa_glthread overridden by environment.
1691427252677	Marionette	INFO	Marionette enabled
1691427252679	Marionette	INFO	Listening on port 43595
WebDriver BiDi listening on ws://127.0.0.1:43915
Read port: 43595
1691427252926	RemoteAgent	WARN	TLS certificate errors will be ignored for this session
console.error: ({})
JavaScript error: resource://gre/modules/TelemetryUtils.sys.mjs, line 143: TypeError: date is undefined
DevTools listening on ws://127.0.0.1:43915/devtools/browser/81f16e7e-dff1-497a-af88-c933e689d41d
console.warn: LoginRecipes: "Falling back to a synchronous message for: https://si3.ufc.br."
console.warn: LoginRecipes: "Falling back to a synchronous message for: https://si3.ufc.br."
1691427255057	Marionette	INFO	Stopped listening on port 44413
Sandbox: Unexpected EOF, op 0 flags 00 path /proc/cpuinfo
1691427260750	Marionette	INFO	Stopped listening on port 43595
Sandbox: Unexpected EOF, op 0 flags 00 path /proc/cpuinfo
1691428123615	geckodriver	INFO	Listening on 127.0.0.1:42801
1691428123618	mozrunner::runner	INFO	Running command: MOZ_CRASHREPORTER="1" MOZ_CRASHREPORTER_NO_REPORT="1" MOZ_CRASHREPORTER_SHUTDOWN="1" MOZ_NO_REMOTE="1" "/usr ... te" "--remote-debugging-port" "40537" "--remote-allow-hosts" "localhost" "-no-remote" "-profile" "/tmp/rust_mozprofilefCrR6z"
console.warn: services.settings: Ignoring preference override of remote settings server
console.warn: services.settings: Allow by setting MOZ_REMOTE_SETTINGS_DEVTOOLS=1 in the environment
ATTENTION: default value of option mesa_glthread overridden by environment.
ATTENTION: default value of option mesa_glthread overridden by environment.
ATTENTION: default value of option mesa_glthread overridden by environment.
1691428124282	Marionette	INFO	Marionette enabled
1691428124284	Marionette	INFO	Listening on port 34887
Read port: 34887
WebDriver BiDi listening on ws://127.0.0.1:40537
1691428124375	RemoteAgent	WARN	TLS certificate errors will be ignored for this session
console.error: ({})
JavaScript error: resource://gre/modules/TelemetryUtils.sys.mjs, line 143: TypeError: date is undefined
DevTools listening on ws://127.0.0.1:40537/devtools/browser/7f48689f-a4c3-4454-a278-ecc12af5d1b0
console.warn: LoginRecipes: "Falling back to a synchronous message for: https://si3.ufc.br."
console.warn: LoginRecipes: "Falling back to a synchronous message for: https://si3.ufc.br."
1691428132803	Marionette	INFO	Stopped listening on port 34887
1691428217847	geckodriver	INFO	Listening on 127.0.0.1:47627
1691428217852	mozrunner::runner	INFO	Running command: MOZ_CRASHREPORTER="1" MOZ_CRASHREPORTER_NO_REPORT="1" MOZ_CRASHREPORTER_SHUTDOWN="1" MOZ_NO_REMOTE="1" "/usr ... te" "--remote-debugging-port" "35309" "--remote-allow-hosts" "localhost" "-no-remote" "-profile" "/tmp/rust_mozprofileEwsMOp"
console.warn: services.settings: Ignoring preference override of remote settings server
console.warn: services.settings: Allow by setting MOZ_REMOTE_SETTINGS_DEVTOOLS=1 in the environment
ATTENTION: default value of option mesa_glthread overridden by environment.
ATTENTION: default value of option mesa_glthread overridden by environment.
ATTENTION: default value of option mesa_glthread overridden by environment.
1691428218492	Marionette	INFO	Marionette enabled
1691428218495	Marionette	INFO	Listening on port 32771
Read port: 32771
WebDriver BiDi listening on ws://127.0.0.1:35309
1691428218585	RemoteAgent	WARN	TLS certificate errors will be ignored for this session
console.error: ({})
JavaScript error: resource://gre/modules/TelemetryUtils.sys.mjs, line 143: TypeError: date is undefined
DevTools listening on ws://127.0.0.1:35309/devtools/browser/cd1516b5-008d-4265-8920-9d69d7216eeb
console.warn: LoginRecipes: "Falling back to a synchronous message for: https://si3.ufc.br."
console.warn: LoginRecipes: "Falling back to a synchronous message for: https://si3.ufc.br."
1691428226274	Marionette	INFO	Stopped listening on port 32771
1691428285754	geckodriver	INFO	Listening on 127.0.0.1:38485
1691428285761	mozrunner::runner	INFO	Running command: MOZ_CRASHREPORTER="1" MOZ_CRASHREPORTER_NO_REPORT="1" MOZ_CRASHREPORTER_SHUTDOWN="1" MOZ_NO_REMOTE="1" "/usr ... te" "--remote-debugging-port" "35793" "--remote-allow-hosts" "localhost" "-no-remote" "-profile" "/tmp/rust_mozprofileGLaCN5"
console.warn: services.settings: Ignoring preference override of remote settings server
console.warn: services.settings: Allow by setting MOZ_REMOTE_SETTINGS_DEVTOOLS=1 in the environment
ATTENTION: default value of option mesa_glthread overridden by environment.
ATTENTION: default value of option mesa_glthread overridden by environment.
ATTENTION: default value of option mesa_glthread overridden by environment.
1691428286417	Marionette	INFO	Marionette enabled
1691428286420	Marionette	INFO	Listening on port 37263
Read port: 37263
WebDriver BiDi listening on ws://127.0.0.1:35793
1691428286508	RemoteAgent	WARN	TLS certificate errors will be ignored for this session
console.error: ({})
JavaScript error: resource://gre/modules/TelemetryUtils.sys.mjs, line 143: TypeError: date is undefined
DevTools listening on ws://127.0.0.1:35793/devtools/browser/65158c70-ef4e-48d9-a77a-acb1fa3dff36
console.warn: LoginRecipes: "Falling back to a synchronous message for: https://si3.ufc.br."
console.warn: LoginRecipes: "Falling back to a synchronous message for: https://si3.ufc.br."
1691428294126	Marionette	INFO	Stopped listening on port 37263
1691428304373	geckodriver	INFO	Listening on 127.0.0.1:56357
1691428304378	mozrunner::runner	INFO	Running command: MOZ_CRASHREPORTER="1" MOZ_CRASHREPORTER_NO_REPORT="1" MOZ_CRASHREPORTER_SHUTDOWN="1" MOZ_NO_REMOTE="1" "/usr ... te" "--remote-debugging-port" "49981" "--remote-allow-hosts" "localhost" "-no-remote" "-profile" "/tmp/rust_mozprofileEjoymr"
console.warn: services.settings: Ignoring preference override of remote settings server
console.warn: services.settings: Allow by setting MOZ_REMOTE_SETTINGS_DEVTOOLS=1 in the environment
ATTENTION: default value of option mesa_glthread overridden by environment.
ATTENTION: default value of option mesa_glthread overridden by environment.
ATTENTION: default value of option mesa_glthread overridden by environment.
1691428305091	Marionette	INFO	Marionette enabled
1691428305094	Marionette	INFO	Listening on port 39113
WebDriver BiDi listening on ws://127.0.0.1:49981
Read port: 39113
1691428305312	RemoteAgent	WARN	TLS certificate errors will be ignored for this session
console.error: ({})
JavaScript error: resource://gre/modules/TelemetryUtils.sys.mjs, line 143: TypeError: date is undefined
DevTools listening on ws://127.0.0.1:49981/devtools/browser/12d7af73-c6d9-473f-9d4d-d3c2240c45ad
console.warn: LoginRecipes: "Falling back to a synchronous message for: https://si3.ufc.br."
console.warn: LoginRecipes: "Falling back to a synchronous message for: https://si3.ufc.br."
1691428313977	Marionette	INFO	Stopped listening on port 39113
Sandbox: Unexpected EOF, op 0 flags 00 path /proc/cpuinfo
