1691429708916	geckodriver	INFO	Listening on 127.0.0.1:43125
1691429708920	mozrunner::runner	INFO	Running command: MOZ_CRASHREPORTER="1" MOZ_CRASHREPORTER_NO_REPORT="1" MOZ_CRASHREPORTER_SHUTDOWN="1" MOZ_NO_REMOTE="1" "/usr ... te" "--remote-debugging-port" "49127" "--remote-allow-hosts" "localhost" "-no-remote" "-profile" "/tmp/rust_mozprofileDsfncq"
console.warn: services.settings: Ignoring preference override of remote settings server
console.warn: services.settings: Allow by setting MOZ_REMOTE_SETTINGS_DEVTOOLS=1 in the environment
ATTENTION: default value of option mesa_glthread overridden by environment.
ATTENTION: default value of option mesa_glthread overridden by environment.
ATTENTION: default value of option mesa_glthread overridden by environment.
1691429709615	Marionette	INFO	Marionette enabled
1691429709618	Marionette	INFO	Listening on port 34679
Read port: 34679
WebDriver BiDi listening on ws://127.0.0.1:49127
1691429709722	RemoteAgent	WARN	TLS certificate errors will be ignored for this session
console.error: ({})
JavaScript error: resource://gre/modules/TelemetryUtils.sys.mjs, line 143: TypeError: date is undefined
DevTools listening on ws://127.0.0.1:49127/devtools/browser/a030178e-6c5a-4355-98a9-11d2ff0d26bf
console.warn: LoginRecipes: "Falling back to a synchronous message for: https://si3.ufc.br."
console.warn: LoginRecipes: "Falling back to a synchronous message for: https://si3.ufc.br."
1691429718837	Marionette	INFO	Stopped listening on port 34679
1691429851964	geckodriver	INFO	Listening on 127.0.0.1:47941
1691429851968	mozrunner::runner	INFO	Running command: MOZ_CRASHREPORTER="1" MOZ_CRASHREPORTER_NO_REPORT="1" MOZ_CRASHREPORTER_SHUTDOWN="1" MOZ_NO_REMOTE="1" "/usr ... ss" "--remote-debugging-port" "58045" "--remote-allow-hosts" "localhost" "-no-remote" "-profile" "/tmp/rust_mozprofileS4e2Sp"
*** You are running in headless mode.
console.warn: services.settings: Ignoring preference override of remote settings server
console.warn: services.settings: Allow by setting MOZ_REMOTE_SETTINGS_DEVTOOLS=1 in the environment
1691429852335	Marionette	INFO	Marionette enabled
1691429852338	Marionette	INFO	Listening on port 41303
Read port: 41303
WebDriver BiDi listening on ws://127.0.0.1:58045
1691429852452	RemoteAgent	WARN	TLS certificate errors will be ignored for this session
[GFX1-]: RenderCompositorSWGL failed mapping default framebuffer, no dt
console.error: ({})
JavaScript error: resource://gre/modules/TelemetryUtils.sys.mjs, line 143: TypeError: date is undefined
DevTools listening on ws://127.0.0.1:58045/devtools/browser/e01590bf-1517-4bf1-89aa-a565a0c16e07
console.warn: LoginRecipes: "Falling back to a synchronous message for: https://si3.ufc.br."
console.warn: LoginRecipes: "Falling back to a synchronous message for: https://si3.ufc.br."
1691429859981	Marionette	INFO	Stopped listening on port 41303
